<?xml version="1.0" encoding="UTF-8"?>
<!-- Generated by org.testng.reporters.JUnitXMLReporter -->
<testsuite ignored="0" hostname="GLB-242-PC" failures="0" tests="5" name="Test" time="0.05" errors="0" timestamp="09 Dec 2018 06:56:17 GMT">
  <testcase classname="com.RestAssuredframework.SampleClass1" name="firsttest" time="0.028"/>
  <testcase classname="com.RestAssuredframework.SampleClass1" name="loggertest" time="0.001"/>
  <testcase classname="com.RestAssuredframework.SampleClass1" name="secondtest" time="0.001"/>
  <testcase classname="com.RestAssuredframework.SampleClass2" name="Fourthtest" time="0.001"/>
  <testcase classname="com.RestAssuredframework.SampleClass2" name="thirdtest" time="0.0"/>
</testsuite> <!-- Test -->
