<?xml version="1.0" encoding="UTF-8"?>
<testng-results ignored="0" total="1" passed="1" failed="0" skipped="0">
  <reporter-output>
  </reporter-output>
  <suite started-at="2018-12-12T12:10:35Z" name="Suite" finished-at="2018-12-12T12:10:53Z" duration-ms="18368">
    <groups>
    </groups>
    <test started-at="2018-12-12T12:10:35Z" name="Test" finished-at="2018-12-12T12:10:53Z" duration-ms="18368">
      <class name="com.Test.StatusCheck">
        <test-method signature="getStatusFromUserTimeline()[pri:0, instance:com.Test.StatusCheck@1e683a3e]" started-at="2018-12-12T12:10:35Z" name="getStatusFromUserTimeline" finished-at="2018-12-12T12:10:53Z" duration-ms="18341" status="PASS">
          <reporter-output>
          </reporter-output>
        </test-method> <!-- getStatusFromUserTimeline -->
      </class> <!-- com.Test.StatusCheck -->
    </test> <!-- Test -->
  </suite> <!-- Suite -->
</testng-results>
